[1108/022656.948:INFO:crash_reporting.cc(219)] Crash reporting enabled for process: browser
[1108/022657.033:INFO:gpu_process_host.cc(941)] [XWEB_LOG_GPU]  GPU process laucnched multi-process mode SUCCESS!!! gpu-process-pid:24980 gpu-process-sandbox:1
[1108/022657.062:INFO:crash_reporting.cc(219)] Crash reporting enabled for process: gpu-process
[1108/022657.792:INFO:crash_reporting.cc(219)] Crash reporting enabled for process: utility
[1108/022857.088:INFO:crash_reporting.cc(219)] Crash reporting enabled for process: gpu-process
[1108/083636.650:WARNING:dns_config_service_win.cc(672)] Failed to read DnsConfig.
[1108/083936.284:WARNING:dns_config_service_win.cc(672)] Failed to read DnsConfig.
[1108/084320.773:WARNING:dns_config_service_win.cc(672)] Failed to read DnsConfig.
[1108/084334.376:WARNING:dns_config_service_win.cc(672)] Failed to read DnsConfig.
[1108/084339.397:WARNING:dns_config_service_win.cc(672)] Failed to read DnsConfig.
[1108/084344.425:WARNING:dns_config_service_win.cc(672)] Failed to read DnsConfig.
[1108/084349.461:WARNING:dns_config_service_win.cc(672)] Failed to read DnsConfig.
[1108/084354.483:WARNING:dns_config_service_win.cc(672)] Failed to read DnsConfig.
[1108/084359.506:WARNING:dns_config_service_win.cc(672)] Failed to read DnsConfig.
[1108/084404.521:WARNING:dns_config_service_win.cc(672)] Failed to read DnsConfig.
[1108/084409.544:WARNING:dns_config_service_win.cc(672)] Failed to read DnsConfig.
[1108/084414.571:WARNING:dns_config_service_win.cc(672)] Failed to read DnsConfig.
[1108/084419.592:WARNING:dns_config_service_win.cc(672)] Failed to read DnsConfig.
[1108/084424.622:WARNING:dns_config_service_win.cc(672)] Failed to read DnsConfig.
[1108/084429.649:WARNING:dns_config_service_win.cc(672)] Failed to read DnsConfig.
[1108/084434.670:WARNING:dns_config_service_win.cc(672)] Failed to read DnsConfig.
[1108/084439.691:WARNING:dns_config_service_win.cc(672)] Failed to read DnsConfig.
[1108/084444.706:WARNING:dns_config_service_win.cc(672)] Failed to read DnsConfig.
[1108/084449.720:WARNING:dns_config_service_win.cc(672)] Failed to read DnsConfig.
[1108/084454.748:WARNING:dns_config_service_win.cc(672)] Failed to read DnsConfig.
[1108/084459.763:WARNING:dns_config_service_win.cc(672)] Failed to read DnsConfig.
[1108/084504.790:WARNING:dns_config_service_win.cc(672)] Failed to read DnsConfig.
[1108/084509.804:WARNING:dns_config_service_win.cc(672)] Failed to read DnsConfig.
[1108/084514.827:WARNING:dns_config_service_win.cc(672)] Failed to read DnsConfig.
[1108/084519.848:WARNING:dns_config_service_win.cc(672)] Failed to read DnsConfig.
[1108/084524.862:WARNING:dns_config_service_win.cc(672)] Failed to read DnsConfig.
[1108/084529.876:WARNING:dns_config_service_win.cc(672)] Failed to read DnsConfig.
[1108/084534.906:WARNING:dns_config_service_win.cc(672)] Failed to read DnsConfig.
[1108/084539.925:WARNING:dns_config_service_win.cc(672)] Failed to read DnsConfig.
[1108/084544.956:WARNING:dns_config_service_win.cc(672)] Failed to read DnsConfig.
[1108/084549.971:WARNING:dns_config_service_win.cc(672)] Failed to read DnsConfig.
[1108/084555.001:WARNING:dns_config_service_win.cc(672)] Failed to read DnsConfig.
[1108/084600.021:WARNING:dns_config_service_win.cc(672)] Failed to read DnsConfig.
[1108/084605.033:WARNING:dns_config_service_win.cc(672)] Failed to read DnsConfig.
[1108/084610.059:WARNING:dns_config_service_win.cc(672)] Failed to read DnsConfig.
[1108/084615.088:WARNING:dns_config_service_win.cc(672)] Failed to read DnsConfig.
[1108/084620.098:WARNING:dns_config_service_win.cc(672)] Failed to read DnsConfig.
[1108/084625.117:WARNING:dns_config_service_win.cc(672)] Failed to read DnsConfig.
[1108/084630.133:WARNING:dns_config_service_win.cc(672)] Failed to read DnsConfig.
[1108/084635.147:WARNING:dns_config_service_win.cc(672)] Failed to read DnsConfig.
[1108/084640.153:WARNING:dns_config_service_win.cc(672)] Failed to read DnsConfig.
[1108/084645.167:WARNING:dns_config_service_win.cc(672)] Failed to read DnsConfig.
[1108/084650.183:WARNING:dns_config_service_win.cc(672)] Failed to read DnsConfig.
[1108/084655.200:WARNING:dns_config_service_win.cc(672)] Failed to read DnsConfig.
[1108/084700.222:WARNING:dns_config_service_win.cc(672)] Failed to read DnsConfig.
[1108/084705.233:WARNING:dns_config_service_win.cc(672)] Failed to read DnsConfig.
[1108/084710.253:WARNING:dns_config_service_win.cc(672)] Failed to read DnsConfig.
[1108/084715.275:WARNING:dns_config_service_win.cc(672)] Failed to read DnsConfig.
[1108/084720.299:WARNING:dns_config_service_win.cc(672)] Failed to read DnsConfig.
[1108/084725.315:WARNING:dns_config_service_win.cc(672)] Failed to read DnsConfig.
[1108/084730.335:WARNING:dns_config_service_win.cc(672)] Failed to read DnsConfig.
[1108/084735.342:WARNING:dns_config_service_win.cc(672)] Failed to read DnsConfig.
[1108/084740.360:WARNING:dns_config_service_win.cc(672)] Failed to read DnsConfig.
[1108/084745.384:WARNING:dns_config_service_win.cc(672)] Failed to read DnsConfig.
[1108/084750.402:WARNING:dns_config_service_win.cc(672)] Failed to read DnsConfig.
[1108/084755.424:WARNING:dns_config_service_win.cc(672)] Failed to read DnsConfig.
[1108/084800.436:WARNING:dns_config_service_win.cc(672)] Failed to read DnsConfig.
[1108/084805.462:WARNING:dns_config_service_win.cc(672)] Failed to read DnsConfig.
[1108/084810.482:WARNING:dns_config_service_win.cc(672)] Failed to read DnsConfig.
[1108/084815.501:WARNING:dns_config_service_win.cc(672)] Failed to read DnsConfig.
[1108/084820.519:WARNING:dns_config_service_win.cc(672)] Failed to read DnsConfig.
[1108/084825.531:WARNING:dns_config_service_win.cc(672)] Failed to read DnsConfig.
[1108/084830.544:WARNING:dns_config_service_win.cc(672)] Failed to read DnsConfig.
[1108/084835.556:WARNING:dns_config_service_win.cc(672)] Failed to read DnsConfig.
[1108/084840.577:WARNING:dns_config_service_win.cc(672)] Failed to read DnsConfig.
[1108/084845.600:WARNING:dns_config_service_win.cc(672)] Failed to read DnsConfig.
[1108/084850.619:WARNING:dns_config_service_win.cc(672)] Failed to read DnsConfig.
[1108/084855.643:WARNING:dns_config_service_win.cc(672)] Failed to read DnsConfig.
[1108/084900.650:WARNING:dns_config_service_win.cc(672)] Failed to read DnsConfig.
[1108/084905.665:WARNING:dns_config_service_win.cc(672)] Failed to read DnsConfig.
[1108/093926.479:WARNING:dns_config_service_win.cc(672)] Failed to read DnsConfig.
[1108/093926.537:WARNING:dns_config_service_win.cc(672)] Failed to read DnsConfig.
[1108/093928.098:WARNING:dns_config_service_win.cc(672)] Failed to read DnsConfig.
[1108/093929.189:WARNING:dns_config_service_win.cc(672)] Failed to read DnsConfig.
[1108/093931.493:WARNING:dns_config_service_win.cc(672)] Failed to read DnsConfig.
[1108/093931.553:WARNING:dns_config_service_win.cc(672)] Failed to read DnsConfig.
[1108/093933.111:WARNING:dns_config_service_win.cc(672)] Failed to read DnsConfig.
[1108/093934.198:WARNING:dns_config_service_win.cc(672)] Failed to read DnsConfig.
[1108/093936.505:WARNING:dns_config_service_win.cc(672)] Failed to read DnsConfig.
[1108/093936.569:WARNING:dns_config_service_win.cc(672)] Failed to read DnsConfig.
[1108/093938.119:WARNING:dns_config_service_win.cc(672)] Failed to read DnsConfig.
[1108/093939.209:WARNING:dns_config_service_win.cc(672)] Failed to read DnsConfig.
[1108/093941.521:WARNING:dns_config_service_win.cc(672)] Failed to read DnsConfig.
[1108/093941.586:WARNING:dns_config_service_win.cc(672)] Failed to read DnsConfig.
[1108/093943.128:WARNING:dns_config_service_win.cc(672)] Failed to read DnsConfig.
[1108/093944.218:WARNING:dns_config_service_win.cc(672)] Failed to read DnsConfig.
[1108/093946.538:WARNING:dns_config_service_win.cc(672)] Failed to read DnsConfig.
[1108/093946.601:WARNING:dns_config_service_win.cc(672)] Failed to read DnsConfig.
[1108/093948.149:WARNING:dns_config_service_win.cc(672)] Failed to read DnsConfig.
[1108/093949.229:WARNING:dns_config_service_win.cc(672)] Failed to read DnsConfig.
[1108/093951.545:WARNING:dns_config_service_win.cc(672)] Failed to read DnsConfig.
[1108/093951.609:WARNING:dns_config_service_win.cc(672)] Failed to read DnsConfig.
[1108/093953.160:WARNING:dns_config_service_win.cc(672)] Failed to read DnsConfig.
[1108/093954.246:WARNING:dns_config_service_win.cc(672)] Failed to read DnsConfig.
[1108/093956.566:WARNING:dns_config_service_win.cc(672)] Failed to read DnsConfig.
[1108/093956.627:WARNING:dns_config_service_win.cc(672)] Failed to read DnsConfig.
[1108/093958.177:WARNING:dns_config_service_win.cc(672)] Failed to read DnsConfig.
[1108/093959.251:WARNING:dns_config_service_win.cc(672)] Failed to read DnsConfig.
[1108/094001.580:WARNING:dns_config_service_win.cc(672)] Failed to read DnsConfig.
[1108/094001.644:WARNING:dns_config_service_win.cc(672)] Failed to read DnsConfig.
[1108/094003.187:WARNING:dns_config_service_win.cc(672)] Failed to read DnsConfig.
[1108/094004.271:WARNING:dns_config_service_win.cc(672)] Failed to read DnsConfig.
[1108/094006.599:WARNING:dns_config_service_win.cc(672)] Failed to read DnsConfig.
[1108/094006.661:WARNING:dns_config_service_win.cc(672)] Failed to read DnsConfig.
[1108/094008.203:WARNING:dns_config_service_win.cc(672)] Failed to read DnsConfig.
[1108/094009.290:WARNING:dns_config_service_win.cc(672)] Failed to read DnsConfig.
[1108/094011.610:WARNING:dns_config_service_win.cc(672)] Failed to read DnsConfig.
[1108/094011.675:WARNING:dns_config_service_win.cc(672)] Failed to read DnsConfig.
[1108/094013.223:WARNING:dns_config_service_win.cc(672)] Failed to read DnsConfig.
[1108/094014.299:WARNING:dns_config_service_win.cc(672)] Failed to read DnsConfig.
[1108/094016.620:WARNING:dns_config_service_win.cc(672)] Failed to read DnsConfig.
[1108/094016.685:WARNING:dns_config_service_win.cc(672)] Failed to read DnsConfig.
[1108/094018.231:WARNING:dns_config_service_win.cc(672)] Failed to read DnsConfig.
[1108/094019.315:WARNING:dns_config_service_win.cc(672)] Failed to read DnsConfig.
[1108/094021.641:WARNING:dns_config_service_win.cc(672)] Failed to read DnsConfig.
[1108/094021.702:WARNING:dns_config_service_win.cc(672)] Failed to read DnsConfig.
[1108/094023.253:WARNING:dns_config_service_win.cc(672)] Failed to read DnsConfig.
[1108/094024.326:WARNING:dns_config_service_win.cc(672)] Failed to read DnsConfig.
[1108/094026.659:WARNING:dns_config_service_win.cc(672)] Failed to read DnsConfig.
[1108/094026.724:WARNING:dns_config_service_win.cc(672)] Failed to read DnsConfig.
[1108/094028.264:WARNING:dns_config_service_win.cc(672)] Failed to read DnsConfig.
[1108/094029.338:WARNING:dns_config_service_win.cc(672)] Failed to read DnsConfig.
[1108/094031.672:WARNING:dns_config_service_win.cc(672)] Failed to read DnsConfig.
[1108/094031.736:WARNING:dns_config_service_win.cc(672)] Failed to read DnsConfig.
[1108/094033.282:WARNING:dns_config_service_win.cc(672)] Failed to read DnsConfig.
[1108/094034.355:WARNING:dns_config_service_win.cc(672)] Failed to read DnsConfig.
[1108/094036.676:WARNING:dns_config_service_win.cc(672)] Failed to read DnsConfig.
[1108/094036.757:WARNING:dns_config_service_win.cc(672)] Failed to read DnsConfig.
[1108/094038.300:WARNING:dns_config_service_win.cc(672)] Failed to read DnsConfig.
[1108/094039.377:WARNING:dns_config_service_win.cc(672)] Failed to read DnsConfig.
[1108/094041.696:WARNING:dns_config_service_win.cc(672)] Failed to read DnsConfig.
[1108/094041.775:WARNING:dns_config_service_win.cc(672)] Failed to read DnsConfig.
[1108/094043.311:WARNING:dns_config_service_win.cc(672)] Failed to read DnsConfig.
[1108/094044.389:WARNING:dns_config_service_win.cc(672)] Failed to read DnsConfig.
[1108/094046.711:WARNING:dns_config_service_win.cc(672)] Failed to read DnsConfig.
[1108/094046.789:WARNING:dns_config_service_win.cc(672)] Failed to read DnsConfig.
[1108/094048.320:WARNING:dns_config_service_win.cc(672)] Failed to read DnsConfig.
[1108/094049.396:WARNING:dns_config_service_win.cc(672)] Failed to read DnsConfig.
[1108/094051.717:WARNING:dns_config_service_win.cc(672)] Failed to read DnsConfig.
[1108/094051.795:WARNING:dns_config_service_win.cc(672)] Failed to read DnsConfig.
[1108/094053.332:WARNING:dns_config_service_win.cc(672)] Failed to read DnsConfig.
[1108/094054.404:WARNING:dns_config_service_win.cc(672)] Failed to read DnsConfig.
[1108/094056.734:WARNING:dns_config_service_win.cc(672)] Failed to read DnsConfig.
[1108/094056.814:WARNING:dns_config_service_win.cc(672)] Failed to read DnsConfig.
[1108/094058.343:WARNING:dns_config_service_win.cc(672)] Failed to read DnsConfig.
[1108/094059.415:WARNING:dns_config_service_win.cc(672)] Failed to read DnsConfig.
[1108/094101.753:WARNING:dns_config_service_win.cc(672)] Failed to read DnsConfig.
[1108/094101.827:WARNING:dns_config_service_win.cc(672)] Failed to read DnsConfig.
[1108/094103.350:WARNING:dns_config_service_win.cc(672)] Failed to read DnsConfig.
[1108/094104.420:WARNING:dns_config_service_win.cc(672)] Failed to read DnsConfig.
[1108/094106.760:WARNING:dns_config_service_win.cc(672)] Failed to read DnsConfig.
[1108/094106.840:WARNING:dns_config_service_win.cc(672)] Failed to read DnsConfig.
[1108/094108.370:WARNING:dns_config_service_win.cc(672)] Failed to read DnsConfig.
[1108/094109.429:WARNING:dns_config_service_win.cc(672)] Failed to read DnsConfig.
[1108/094111.773:WARNING:dns_config_service_win.cc(672)] Failed to read DnsConfig.
[1108/094111.852:WARNING:dns_config_service_win.cc(672)] Failed to read DnsConfig.
[1108/094113.389:WARNING:dns_config_service_win.cc(672)] Failed to read DnsConfig.
[1108/094114.441:WARNING:dns_config_service_win.cc(672)] Failed to read DnsConfig.
[1108/094116.786:WARNING:dns_config_service_win.cc(672)] Failed to read DnsConfig.
[1108/094116.872:WARNING:dns_config_service_win.cc(672)] Failed to read DnsConfig.
[1108/094118.403:WARNING:dns_config_service_win.cc(672)] Failed to read DnsConfig.
[1108/094119.460:WARNING:dns_config_service_win.cc(672)] Failed to read DnsConfig.
[1108/094121.800:WARNING:dns_config_service_win.cc(672)] Failed to read DnsConfig.
[1108/094121.879:WARNING:dns_config_service_win.cc(672)] Failed to read DnsConfig.
[1108/094123.427:WARNING:dns_config_service_win.cc(672)] Failed to read DnsConfig.
[1108/094124.473:WARNING:dns_config_service_win.cc(672)] Failed to read DnsConfig.
[1108/094126.814:WARNING:dns_config_service_win.cc(672)] Failed to read DnsConfig.
[1108/094126.895:WARNING:dns_config_service_win.cc(672)] Failed to read DnsConfig.
[1108/094128.449:WARNING:dns_config_service_win.cc(672)] Failed to read DnsConfig.
[1108/094129.482:WARNING:dns_config_service_win.cc(672)] Failed to read DnsConfig.
[1108/094131.823:WARNING:dns_config_service_win.cc(672)] Failed to read DnsConfig.
[1108/094131.922:WARNING:dns_config_service_win.cc(672)] Failed to read DnsConfig.
[1108/094133.473:WARNING:dns_config_service_win.cc(672)] Failed to read DnsConfig.
[1108/094134.501:WARNING:dns_config_service_win.cc(672)] Failed to read DnsConfig.
[1108/094136.845:WARNING:dns_config_service_win.cc(672)] Failed to read DnsConfig.
[1108/094136.937:WARNING:dns_config_service_win.cc(672)] Failed to read DnsConfig.
[1108/094138.496:WARNING:dns_config_service_win.cc(672)] Failed to read DnsConfig.
[1108/094139.518:WARNING:dns_config_service_win.cc(672)] Failed to read DnsConfig.
[1108/094141.853:WARNING:dns_config_service_win.cc(672)] Failed to read DnsConfig.
[1108/094141.947:WARNING:dns_config_service_win.cc(672)] Failed to read DnsConfig.
[1108/094143.508:WARNING:dns_config_service_win.cc(672)] Failed to read DnsConfig.
[1108/094144.531:WARNING:dns_config_service_win.cc(672)] Failed to read DnsConfig.
[1108/094146.864:WARNING:dns_config_service_win.cc(672)] Failed to read DnsConfig.
[1108/094146.960:WARNING:dns_config_service_win.cc(672)] Failed to read DnsConfig.
[1108/094148.529:WARNING:dns_config_service_win.cc(672)] Failed to read DnsConfig.
[1108/094149.558:WARNING:dns_config_service_win.cc(672)] Failed to read DnsConfig.
[1108/094151.873:WARNING:dns_config_service_win.cc(672)] Failed to read DnsConfig.
[1108/094151.969:WARNING:dns_config_service_win.cc(672)] Failed to read DnsConfig.
[1108/094153.547:WARNING:dns_config_service_win.cc(672)] Failed to read DnsConfig.
[1108/094154.575:WARNING:dns_config_service_win.cc(672)] Failed to read DnsConfig.
[1108/094156.888:WARNING:dns_config_service_win.cc(672)] Failed to read DnsConfig.
[1108/094156.986:WARNING:dns_config_service_win.cc(672)] Failed to read DnsConfig.
[1108/094158.574:WARNING:dns_config_service_win.cc(672)] Failed to read DnsConfig.
[1108/094159.596:WARNING:dns_config_service_win.cc(672)] Failed to read DnsConfig.
[1108/094201.907:WARNING:dns_config_service_win.cc(672)] Failed to read DnsConfig.
[1108/094202.009:WARNING:dns_config_service_win.cc(672)] Failed to read DnsConfig.
[1108/094203.587:WARNING:dns_config_service_win.cc(672)] Failed to read DnsConfig.
[1108/094204.602:WARNING:dns_config_service_win.cc(672)] Failed to read DnsConfig.
[1108/094206.928:WARNING:dns_config_service_win.cc(672)] Failed to read DnsConfig.
[1108/094207.017:WARNING:dns_config_service_win.cc(672)] Failed to read DnsConfig.
[1108/094208.613:WARNING:dns_config_service_win.cc(672)] Failed to read DnsConfig.
[1108/094209.622:WARNING:dns_config_service_win.cc(672)] Failed to read DnsConfig.
[1108/094211.952:WARNING:dns_config_service_win.cc(672)] Failed to read DnsConfig.
[1108/094212.031:WARNING:dns_config_service_win.cc(672)] Failed to read DnsConfig.
[1108/094213.636:WARNING:dns_config_service_win.cc(672)] Failed to read DnsConfig.
[1108/094214.639:WARNING:dns_config_service_win.cc(672)] Failed to read DnsConfig.
[1108/094216.962:WARNING:dns_config_service_win.cc(672)] Failed to read DnsConfig.
[1108/094217.043:WARNING:dns_config_service_win.cc(672)] Failed to read DnsConfig.
[1108/094218.657:WARNING:dns_config_service_win.cc(672)] Failed to read DnsConfig.
[1108/094219.662:WARNING:dns_config_service_win.cc(672)] Failed to read DnsConfig.
[1108/094221.982:WARNING:dns_config_service_win.cc(672)] Failed to read DnsConfig.
[1108/094222.072:WARNING:dns_config_service_win.cc(672)] Failed to read DnsConfig.
[1108/094223.675:WARNING:dns_config_service_win.cc(672)] Failed to read DnsConfig.
[1108/094224.681:WARNING:dns_config_service_win.cc(672)] Failed to read DnsConfig.
[1108/094226.995:WARNING:dns_config_service_win.cc(672)] Failed to read DnsConfig.
[1108/094227.092:WARNING:dns_config_service_win.cc(672)] Failed to read DnsConfig.
[1108/094228.688:WARNING:dns_config_service_win.cc(672)] Failed to read DnsConfig.
[1108/094229.699:WARNING:dns_config_service_win.cc(672)] Failed to read DnsConfig.
[1108/094232.021:WARNING:dns_config_service_win.cc(672)] Failed to read DnsConfig.
[1108/094232.111:WARNING:dns_config_service_win.cc(672)] Failed to read DnsConfig.
[1108/094233.702:WARNING:dns_config_service_win.cc(672)] Failed to read DnsConfig.
[1108/094234.716:WARNING:dns_config_service_win.cc(672)] Failed to read DnsConfig.
[1108/094237.040:WARNING:dns_config_service_win.cc(672)] Failed to read DnsConfig.
[1108/094237.137:WARNING:dns_config_service_win.cc(672)] Failed to read DnsConfig.
[1108/094238.723:WARNING:dns_config_service_win.cc(672)] Failed to read DnsConfig.
[1108/094239.729:WARNING:dns_config_service_win.cc(672)] Failed to read DnsConfig.
[1108/094242.052:WARNING:dns_config_service_win.cc(672)] Failed to read DnsConfig.
[1108/094242.150:WARNING:dns_config_service_win.cc(672)] Failed to read DnsConfig.
[1108/094243.741:WARNING:dns_config_service_win.cc(672)] Failed to read DnsConfig.
[1108/094244.738:WARNING:dns_config_service_win.cc(672)] Failed to read DnsConfig.
[1108/094247.067:WARNING:dns_config_service_win.cc(672)] Failed to read DnsConfig.
[1108/094247.174:WARNING:dns_config_service_win.cc(672)] Failed to read DnsConfig.
[1108/094248.761:WARNING:dns_config_service_win.cc(672)] Failed to read DnsConfig.
[1108/094249.755:WARNING:dns_config_service_win.cc(672)] Failed to read DnsConfig.
[1108/094252.076:WARNING:dns_config_service_win.cc(672)] Failed to read DnsConfig.
[1108/094252.185:WARNING:dns_config_service_win.cc(672)] Failed to read DnsConfig.
[1108/094253.777:WARNING:dns_config_service_win.cc(672)] Failed to read DnsConfig.
[1108/094254.767:WARNING:dns_config_service_win.cc(672)] Failed to read DnsConfig.
[1108/094257.093:WARNING:dns_config_service_win.cc(672)] Failed to read DnsConfig.
[1108/094257.206:WARNING:dns_config_service_win.cc(672)] Failed to read DnsConfig.
[1108/094258.794:WARNING:dns_config_service_win.cc(672)] Failed to read DnsConfig.
[1108/094259.779:WARNING:dns_config_service_win.cc(672)] Failed to read DnsConfig.
[1108/094302.104:WARNING:dns_config_service_win.cc(672)] Failed to read DnsConfig.
[1108/094302.236:WARNING:dns_config_service_win.cc(672)] Failed to read DnsConfig.
[1108/094303.818:WARNING:dns_config_service_win.cc(672)] Failed to read DnsConfig.
[1108/094304.792:WARNING:dns_config_service_win.cc(672)] Failed to read DnsConfig.
[1108/094307.114:WARNING:dns_config_service_win.cc(672)] Failed to read DnsConfig.
[1108/094307.264:WARNING:dns_config_service_win.cc(672)] Failed to read DnsConfig.
[1108/094308.853:WARNING:dns_config_service_win.cc(672)] Failed to read DnsConfig.
[1108/094309.801:WARNING:dns_config_service_win.cc(672)] Failed to read DnsConfig.
[1108/094312.126:WARNING:dns_config_service_win.cc(672)] Failed to read DnsConfig.
[1108/094312.286:WARNING:dns_config_service_win.cc(672)] Failed to read DnsConfig.
[1108/094313.870:WARNING:dns_config_service_win.cc(672)] Failed to read DnsConfig.
[1108/094314.813:WARNING:dns_config_service_win.cc(672)] Failed to read DnsConfig.
[1108/094317.140:WARNING:dns_config_service_win.cc(672)] Failed to read DnsConfig.
[1108/094317.308:WARNING:dns_config_service_win.cc(672)] Failed to read DnsConfig.
[1108/094318.881:WARNING:dns_config_service_win.cc(672)] Failed to read DnsConfig.
[1108/094319.825:WARNING:dns_config_service_win.cc(672)] Failed to read DnsConfig.
[1108/094322.161:WARNING:dns_config_service_win.cc(672)] Failed to read DnsConfig.
[1108/094322.335:WARNING:dns_config_service_win.cc(672)] Failed to read DnsConfig.
[1108/094323.897:WARNING:dns_config_service_win.cc(672)] Failed to read DnsConfig.
[1108/094324.835:WARNING:dns_config_service_win.cc(672)] Failed to read DnsConfig.
[1108/094327.174:WARNING:dns_config_service_win.cc(672)] Failed to read DnsConfig.
[1108/094327.357:WARNING:dns_config_service_win.cc(672)] Failed to read DnsConfig.
[1108/094328.923:WARNING:dns_config_service_win.cc(672)] Failed to read DnsConfig.
[1108/094329.857:WARNING:dns_config_service_win.cc(672)] Failed to read DnsConfig.
[1108/094332.189:WARNING:dns_config_service_win.cc(672)] Failed to read DnsConfig.
[1108/094332.375:WARNING:dns_config_service_win.cc(672)] Failed to read DnsConfig.
[1108/094333.947:WARNING:dns_config_service_win.cc(672)] Failed to read DnsConfig.
[1108/094334.866:WARNING:dns_config_service_win.cc(672)] Failed to read DnsConfig.
[1108/094337.208:WARNING:dns_config_service_win.cc(672)] Failed to read DnsConfig.
[1108/094337.409:WARNING:dns_config_service_win.cc(672)] Failed to read DnsConfig.
[1108/094338.965:WARNING:dns_config_service_win.cc(672)] Failed to read DnsConfig.
[1108/094339.884:WARNING:dns_config_service_win.cc(672)] Failed to read DnsConfig.
[1108/094342.226:WARNING:dns_config_service_win.cc(672)] Failed to read DnsConfig.
[1108/094342.436:WARNING:dns_config_service_win.cc(672)] Failed to read DnsConfig.
[1108/094343.990:WARNING:dns_config_service_win.cc(672)] Failed to read DnsConfig.
[1108/094344.893:WARNING:dns_config_service_win.cc(672)] Failed to read DnsConfig.
[1108/094347.245:WARNING:dns_config_service_win.cc(672)] Failed to read DnsConfig.
[1108/094347.472:WARNING:dns_config_service_win.cc(672)] Failed to read DnsConfig.
[1108/094349.020:WARNING:dns_config_service_win.cc(672)] Failed to read DnsConfig.
[1108/094349.920:WARNING:dns_config_service_win.cc(672)] Failed to read DnsConfig.
[1108/094352.254:WARNING:dns_config_service_win.cc(672)] Failed to read DnsConfig.
[1108/094352.508:WARNING:dns_config_service_win.cc(672)] Failed to read DnsConfig.
[1108/094354.045:WARNING:dns_config_service_win.cc(672)] Failed to read DnsConfig.
[1108/094354.935:WARNING:dns_config_service_win.cc(672)] Failed to read DnsConfig.
[1108/094357.273:WARNING:dns_config_service_win.cc(672)] Failed to read DnsConfig.
[1108/094357.523:WARNING:dns_config_service_win.cc(672)] Failed to read DnsConfig.
[1108/094359.069:WARNING:dns_config_service_win.cc(672)] Failed to read DnsConfig.
[1108/094359.956:WARNING:dns_config_service_win.cc(672)] Failed to read DnsConfig.
[1108/094402.295:WARNING:dns_config_service_win.cc(672)] Failed to read DnsConfig.
[1108/094402.560:WARNING:dns_config_service_win.cc(672)] Failed to read DnsConfig.
[1108/094404.089:WARNING:dns_config_service_win.cc(672)] Failed to read DnsConfig.
[1108/094404.975:WARNING:dns_config_service_win.cc(672)] Failed to read DnsConfig.
[1108/094407.319:WARNING:dns_config_service_win.cc(672)] Failed to read DnsConfig.
[1108/094407.597:WARNING:dns_config_service_win.cc(672)] Failed to read DnsConfig.
[1108/094409.106:WARNING:dns_config_service_win.cc(672)] Failed to read DnsConfig.
[1108/094409.988:WARNING:dns_config_service_win.cc(672)] Failed to read DnsConfig.
[1108/094412.342:WARNING:dns_config_service_win.cc(672)] Failed to read DnsConfig.
[1108/094412.610:WARNING:dns_config_service_win.cc(672)] Failed to read DnsConfig.
[1108/094414.116:WARNING:dns_config_service_win.cc(672)] Failed to read DnsConfig.
[1108/094415.012:WARNING:dns_config_service_win.cc(672)] Failed to read DnsConfig.
[1108/094417.361:WARNING:dns_config_service_win.cc(672)] Failed to read DnsConfig.
[1108/094417.630:WARNING:dns_config_service_win.cc(672)] Failed to read DnsConfig.
[1108/094419.135:WARNING:dns_config_service_win.cc(672)] Failed to read DnsConfig.
[1108/094420.031:WARNING:dns_config_service_win.cc(672)] Failed to read DnsConfig.
[1108/094422.380:WARNING:dns_config_service_win.cc(672)] Failed to read DnsConfig.
[1108/094422.653:WARNING:dns_config_service_win.cc(672)] Failed to read DnsConfig.
[1108/094424.156:WARNING:dns_config_service_win.cc(672)] Failed to read DnsConfig.
[1108/094425.045:WARNING:dns_config_service_win.cc(672)] Failed to read DnsConfig.
[1108/094427.394:WARNING:dns_config_service_win.cc(672)] Failed to read DnsConfig.
[1108/094427.679:WARNING:dns_config_service_win.cc(672)] Failed to read DnsConfig.
[1108/094429.179:WARNING:dns_config_service_win.cc(672)] Failed to read DnsConfig.
[1108/094430.065:WARNING:dns_config_service_win.cc(672)] Failed to read DnsConfig.
[1108/094432.408:WARNING:dns_config_service_win.cc(672)] Failed to read DnsConfig.
[1108/094432.697:WARNING:dns_config_service_win.cc(672)] Failed to read DnsConfig.
[1108/094434.202:WARNING:dns_config_service_win.cc(672)] Failed to read DnsConfig.
[1108/094435.084:WARNING:dns_config_service_win.cc(672)] Failed to read DnsConfig.
[1108/094437.422:WARNING:dns_config_service_win.cc(672)] Failed to read DnsConfig.
[1108/094437.715:WARNING:dns_config_service_win.cc(672)] Failed to read DnsConfig.
[1108/094439.238:WARNING:dns_config_service_win.cc(672)] Failed to read DnsConfig.
[1108/094440.098:WARNING:dns_config_service_win.cc(672)] Failed to read DnsConfig.
[1108/094442.436:WARNING:dns_config_service_win.cc(672)] Failed to read DnsConfig.
[1108/094442.743:WARNING:dns_config_service_win.cc(672)] Failed to read DnsConfig.
[1108/094444.263:WARNING:dns_config_service_win.cc(672)] Failed to read DnsConfig.
[1108/094445.127:WARNING:dns_config_service_win.cc(672)] Failed to read DnsConfig.
[1108/094447.461:WARNING:dns_config_service_win.cc(672)] Failed to read DnsConfig.
[1108/094447.760:WARNING:dns_config_service_win.cc(672)] Failed to read DnsConfig.
[1108/094449.290:WARNING:dns_config_service_win.cc(672)] Failed to read DnsConfig.
[1108/094450.143:WARNING:dns_config_service_win.cc(672)] Failed to read DnsConfig.
[1108/094452.482:WARNING:dns_config_service_win.cc(672)] Failed to read DnsConfig.
[1108/094452.792:WARNING:dns_config_service_win.cc(672)] Failed to read DnsConfig.
[1108/094454.314:WARNING:dns_config_service_win.cc(672)] Failed to read DnsConfig.
[1108/094455.161:WARNING:dns_config_service_win.cc(672)] Failed to read DnsConfig.
[1108/094457.497:WARNING:dns_config_service_win.cc(672)] Failed to read DnsConfig.
[1108/094457.815:WARNING:dns_config_service_win.cc(672)] Failed to read DnsConfig.
[1108/094459.347:WARNING:dns_config_service_win.cc(672)] Failed to read DnsConfig.
[1108/094500.180:WARNING:dns_config_service_win.cc(672)] Failed to read DnsConfig.
[1108/094502.510:WARNING:dns_config_service_win.cc(672)] Failed to read DnsConfig.
[1108/094502.855:WARNING:dns_config_service_win.cc(672)] Failed to read DnsConfig.
[1108/094504.385:WARNING:dns_config_service_win.cc(672)] Failed to read DnsConfig.
[1108/094505.191:WARNING:dns_config_service_win.cc(672)] Failed to read DnsConfig.
[1108/094507.522:WARNING:dns_config_service_win.cc(672)] Failed to read DnsConfig.
[1108/094507.872:WARNING:dns_config_service_win.cc(672)] Failed to read DnsConfig.
[1108/094509.403:WARNING:dns_config_service_win.cc(672)] Failed to read DnsConfig.
[1108/094510.200:WARNING:dns_config_service_win.cc(672)] Failed to read DnsConfig.
[1108/094512.537:WARNING:dns_config_service_win.cc(672)] Failed to read DnsConfig.
[1108/094512.908:WARNING:dns_config_service_win.cc(672)] Failed to read DnsConfig.
[1108/094514.438:WARNING:dns_config_service_win.cc(672)] Failed to read DnsConfig.
[1108/094515.221:WARNING:dns_config_service_win.cc(672)] Failed to read DnsConfig.
[1108/094517.563:WARNING:dns_config_service_win.cc(672)] Failed to read DnsConfig.
[1108/094517.937:WARNING:dns_config_service_win.cc(672)] Failed to read DnsConfig.
[1108/094519.463:WARNING:dns_config_service_win.cc(672)] Failed to read DnsConfig.
[1108/094520.238:WARNING:dns_config_service_win.cc(672)] Failed to read DnsConfig.
[1108/094522.582:WARNING:dns_config_service_win.cc(672)] Failed to read DnsConfig.
[1108/094522.961:WARNING:dns_config_service_win.cc(672)] Failed to read DnsConfig.
[1108/094524.488:WARNING:dns_config_service_win.cc(672)] Failed to read DnsConfig.
[1108/094525.251:WARNING:dns_config_service_win.cc(672)] Failed to read DnsConfig.
[1108/094527.604:WARNING:dns_config_service_win.cc(672)] Failed to read DnsConfig.
[1108/094528.000:WARNING:dns_config_service_win.cc(672)] Failed to read DnsConfig.
[1108/094529.515:WARNING:dns_config_service_win.cc(672)] Failed to read DnsConfig.
[1108/094530.260:WARNING:dns_config_service_win.cc(672)] Failed to read DnsConfig.
[1108/094532.627:WARNING:dns_config_service_win.cc(672)] Failed to read DnsConfig.
[1108/094533.025:WARNING:dns_config_service_win.cc(672)] Failed to read DnsConfig.
[1108/094534.537:WARNING:dns_config_service_win.cc(672)] Failed to read DnsConfig.
[1108/094535.287:WARNING:dns_config_service_win.cc(672)] Failed to read DnsConfig.
[1108/094537.645:WARNING:dns_config_service_win.cc(672)] Failed to read DnsConfig.
[1108/094538.068:WARNING:dns_config_service_win.cc(672)] Failed to read DnsConfig.
[1108/094539.562:WARNING:dns_config_service_win.cc(672)] Failed to read DnsConfig.
[1108/094540.309:WARNING:dns_config_service_win.cc(672)] Failed to read DnsConfig.
[1108/094542.664:WARNING:dns_config_service_win.cc(672)] Failed to read DnsConfig.
[1108/094543.111:WARNING:dns_config_service_win.cc(672)] Failed to read DnsConfig.
[1108/094544.587:WARNING:dns_config_service_win.cc(672)] Failed to read DnsConfig.
[1108/094545.321:WARNING:dns_config_service_win.cc(672)] Failed to read DnsConfig.
[1108/094547.690:WARNING:dns_config_service_win.cc(672)] Failed to read DnsConfig.
[1108/094548.125:WARNING:dns_config_service_win.cc(672)] Failed to read DnsConfig.
[1108/094549.615:WARNING:dns_config_service_win.cc(672)] Failed to read DnsConfig.
[1108/094550.346:WARNING:dns_config_service_win.cc(672)] Failed to read DnsConfig.
[1108/094552.705:WARNING:dns_config_service_win.cc(672)] Failed to read DnsConfig.
[1108/094553.155:WARNING:dns_config_service_win.cc(672)] Failed to read DnsConfig.
[1108/094554.621:WARNING:dns_config_service_win.cc(672)] Failed to read DnsConfig.
[1108/094555.369:WARNING:dns_config_service_win.cc(672)] Failed to read DnsConfig.
[1108/094557.720:WARNING:dns_config_service_win.cc(672)] Failed to read DnsConfig.
[1108/094558.174:WARNING:dns_config_service_win.cc(672)] Failed to read DnsConfig.
[1108/094559.632:WARNING:dns_config_service_win.cc(672)] Failed to read DnsConfig.
[1108/094600.387:WARNING:dns_config_service_win.cc(672)] Failed to read DnsConfig.
[1108/094602.749:WARNING:dns_config_service_win.cc(672)] Failed to read DnsConfig.
[1108/094603.208:WARNING:dns_config_service_win.cc(672)] Failed to read DnsConfig.
[1108/094604.640:WARNING:dns_config_service_win.cc(672)] Failed to read DnsConfig.
[1108/094605.402:WARNING:dns_config_service_win.cc(672)] Failed to read DnsConfig.
[1108/094607.764:WARNING:dns_config_service_win.cc(672)] Failed to read DnsConfig.
[1108/094608.234:WARNING:dns_config_service_win.cc(672)] Failed to read DnsConfig.
[1108/094609.659:WARNING:dns_config_service_win.cc(672)] Failed to read DnsConfig.
[1108/094610.431:WARNING:dns_config_service_win.cc(672)] Failed to read DnsConfig.
[1108/094612.790:WARNING:dns_config_service_win.cc(672)] Failed to read DnsConfig.
[1108/094613.262:WARNING:dns_config_service_win.cc(672)] Failed to read DnsConfig.
[1108/094614.675:WARNING:dns_config_service_win.cc(672)] Failed to read DnsConfig.
[1108/094615.447:WARNING:dns_config_service_win.cc(672)] Failed to read DnsConfig.
[1108/094617.801:WARNING:dns_config_service_win.cc(672)] Failed to read DnsConfig.
[1108/094618.299:WARNING:dns_config_service_win.cc(672)] Failed to read DnsConfig.
[1108/094619.705:WARNING:dns_config_service_win.cc(672)] Failed to read DnsConfig.
[1108/094620.462:WARNING:dns_config_service_win.cc(672)] Failed to read DnsConfig.
[1108/094622.821:WARNING:dns_config_service_win.cc(672)] Failed to read DnsConfig.
[1108/094623.319:WARNING:dns_config_service_win.cc(672)] Failed to read DnsConfig.
[1108/094624.726:WARNING:dns_config_service_win.cc(672)] Failed to read DnsConfig.
[1108/094625.479:WARNING:dns_config_service_win.cc(672)] Failed to read DnsConfig.
[1108/094627.839:WARNING:dns_config_service_win.cc(672)] Failed to read DnsConfig.
[1108/094628.340:WARNING:dns_config_service_win.cc(672)] Failed to read DnsConfig.
[1108/094629.752:WARNING:dns_config_service_win.cc(672)] Failed to read DnsConfig.
[1108/094630.490:WARNING:dns_config_service_win.cc(672)] Failed to read DnsConfig.
[1108/094632.857:WARNING:dns_config_service_win.cc(672)] Failed to read DnsConfig.
[1108/094633.363:WARNING:dns_config_service_win.cc(672)] Failed to read DnsConfig.
[1108/094634.777:WARNING:dns_config_service_win.cc(672)] Failed to read DnsConfig.
[1108/094635.506:WARNING:dns_config_service_win.cc(672)] Failed to read DnsConfig.
[1108/094637.868:WARNING:dns_config_service_win.cc(672)] Failed to read DnsConfig.
[1108/094638.386:WARNING:dns_config_service_win.cc(672)] Failed to read DnsConfig.
[1108/094639.808:WARNING:dns_config_service_win.cc(672)] Failed to read DnsConfig.
[1108/094640.536:WARNING:dns_config_service_win.cc(672)] Failed to read DnsConfig.
[1108/094642.891:WARNING:dns_config_service_win.cc(672)] Failed to read DnsConfig.
[1108/094643.406:WARNING:dns_config_service_win.cc(672)] Failed to read DnsConfig.
[1108/094644.839:WARNING:dns_config_service_win.cc(672)] Failed to read DnsConfig.
[1108/094645.555:WARNING:dns_config_service_win.cc(672)] Failed to read DnsConfig.
[1108/094647.905:WARNING:dns_config_service_win.cc(672)] Failed to read DnsConfig.
[1108/094648.440:WARNING:dns_config_service_win.cc(672)] Failed to read DnsConfig.
[1108/094649.870:WARNING:dns_config_service_win.cc(672)] Failed to read DnsConfig.
[1108/094650.574:WARNING:dns_config_service_win.cc(672)] Failed to read DnsConfig.
[1108/094652.924:WARNING:dns_config_service_win.cc(672)] Failed to read DnsConfig.
[1108/094653.466:WARNING:dns_config_service_win.cc(672)] Failed to read DnsConfig.
[1108/094654.886:WARNING:dns_config_service_win.cc(672)] Failed to read DnsConfig.
[1108/094655.591:WARNING:dns_config_service_win.cc(672)] Failed to read DnsConfig.
[1108/094657.943:WARNING:dns_config_service_win.cc(672)] Failed to read DnsConfig.
[1108/094658.490:WARNING:dns_config_service_win.cc(672)] Failed to read DnsConfig.
[1108/094659.908:WARNING:dns_config_service_win.cc(672)] Failed to read DnsConfig.
[1108/094700.611:WARNING:dns_config_service_win.cc(672)] Failed to read DnsConfig.
[1108/094702.969:WARNING:dns_config_service_win.cc(672)] Failed to read DnsConfig.
[1108/094703.513:WARNING:dns_config_service_win.cc(672)] Failed to read DnsConfig.
[1108/094704.935:WARNING:dns_config_service_win.cc(672)] Failed to read DnsConfig.
[1108/094705.623:WARNING:dns_config_service_win.cc(672)] Failed to read DnsConfig.
[1108/094707.990:WARNING:dns_config_service_win.cc(672)] Failed to read DnsConfig.
[1108/094708.543:WARNING:dns_config_service_win.cc(672)] Failed to read DnsConfig.
[1108/094709.959:WARNING:dns_config_service_win.cc(672)] Failed to read DnsConfig.
[1108/094710.653:WARNING:dns_config_service_win.cc(672)] Failed to read DnsConfig.
[1108/094713.013:WARNING:dns_config_service_win.cc(672)] Failed to read DnsConfig.
[1108/094713.565:WARNING:dns_config_service_win.cc(672)] Failed to read DnsConfig.
[1108/094714.979:WARNING:dns_config_service_win.cc(672)] Failed to read DnsConfig.
[1108/094715.672:WARNING:dns_config_service_win.cc(672)] Failed to read DnsConfig.
[1108/094718.032:WARNING:dns_config_service_win.cc(672)] Failed to read DnsConfig.
[1108/094718.590:WARNING:dns_config_service_win.cc(672)] Failed to read DnsConfig.
[1108/094720.005:WARNING:dns_config_service_win.cc(672)] Failed to read DnsConfig.
[1108/094720.685:WARNING:dns_config_service_win.cc(672)] Failed to read DnsConfig.
[1108/094723.063:WARNING:dns_config_service_win.cc(672)] Failed to read DnsConfig.
[1108/094723.611:WARNING:dns_config_service_win.cc(672)] Failed to read DnsConfig.
[1108/094725.021:WARNING:dns_config_service_win.cc(672)] Failed to read DnsConfig.
[1108/094725.697:WARNING:dns_config_service_win.cc(672)] Failed to read DnsConfig.
[1108/094728.078:WARNING:dns_config_service_win.cc(672)] Failed to read DnsConfig.
[1108/094728.630:WARNING:dns_config_service_win.cc(672)] Failed to read DnsConfig.
[1108/094730.049:WARNING:dns_config_service_win.cc(672)] Failed to read DnsConfig.
[1108/094730.718:WARNING:dns_config_service_win.cc(672)] Failed to read DnsConfig.
[1108/094733.105:WARNING:dns_config_service_win.cc(672)] Failed to read DnsConfig.
[1108/094733.652:WARNING:dns_config_service_win.cc(672)] Failed to read DnsConfig.
[1108/094735.062:WARNING:dns_config_service_win.cc(672)] Failed to read DnsConfig.
[1108/094735.732:WARNING:dns_config_service_win.cc(672)] Failed to read DnsConfig.
[1108/094738.120:WARNING:dns_config_service_win.cc(672)] Failed to read DnsConfig.
[1108/094738.676:WARNING:dns_config_service_win.cc(672)] Failed to read DnsConfig.
[1108/094740.087:WARNING:dns_config_service_win.cc(672)] Failed to read DnsConfig.
[1108/094740.749:WARNING:dns_config_service_win.cc(672)] Failed to read DnsConfig.
[1108/094743.143:WARNING:dns_config_service_win.cc(672)] Failed to read DnsConfig.
[1108/094743.703:WARNING:dns_config_service_win.cc(672)] Failed to read DnsConfig.
[1108/094745.113:WARNING:dns_config_service_win.cc(672)] Failed to read DnsConfig.
[1108/094745.758:WARNING:dns_config_service_win.cc(672)] Failed to read DnsConfig.
[1108/094748.163:WARNING:dns_config_service_win.cc(672)] Failed to read DnsConfig.
[1108/094748.728:WARNING:dns_config_service_win.cc(672)] Failed to read DnsConfig.
[1108/094750.125:WARNING:dns_config_service_win.cc(672)] Failed to read DnsConfig.
[1108/094750.775:WARNING:dns_config_service_win.cc(672)] Failed to read DnsConfig.
[1108/094753.187:WARNING:dns_config_service_win.cc(672)] Failed to read DnsConfig.
[1108/094753.753:WARNING:dns_config_service_win.cc(672)] Failed to read DnsConfig.
[1108/094755.138:WARNING:dns_config_service_win.cc(672)] Failed to read DnsConfig.
[1108/094755.798:WARNING:dns_config_service_win.cc(672)] Failed to read DnsConfig.
[1108/094758.199:WARNING:dns_config_service_win.cc(672)] Failed to read DnsConfig.
[1108/094758.765:WARNING:dns_config_service_win.cc(672)] Failed to read DnsConfig.
[1108/094800.163:WARNING:dns_config_service_win.cc(672)] Failed to read DnsConfig.
[1108/094800.819:WARNING:dns_config_service_win.cc(672)] Failed to read DnsConfig.
[1108/094803.209:WARNING:dns_config_service_win.cc(672)] Failed to read DnsConfig.
[1108/094803.787:WARNING:dns_config_service_win.cc(672)] Failed to read DnsConfig.
[1108/094805.189:WARNING:dns_config_service_win.cc(672)] Failed to read DnsConfig.
[1108/094805.829:WARNING:dns_config_service_win.cc(672)] Failed to read DnsConfig.
[1108/094808.226:WARNING:dns_config_service_win.cc(672)] Failed to read DnsConfig.
[1108/094808.811:WARNING:dns_config_service_win.cc(672)] Failed to read DnsConfig.
[1108/094810.203:WARNING:dns_config_service_win.cc(672)] Failed to read DnsConfig.
[1108/094810.846:WARNING:dns_config_service_win.cc(672)] Failed to read DnsConfig.
[1108/094813.242:WARNING:dns_config_service_win.cc(672)] Failed to read DnsConfig.
[1108/094813.825:WARNING:dns_config_service_win.cc(672)] Failed to read DnsConfig.
[1108/094815.227:WARNING:dns_config_service_win.cc(672)] Failed to read DnsConfig.
[1108/094815.864:WARNING:dns_config_service_win.cc(672)] Failed to read DnsConfig.
[1108/094818.264:WARNING:dns_config_service_win.cc(672)] Failed to read DnsConfig.
[1108/094818.846:WARNING:dns_config_service_win.cc(672)] Failed to read DnsConfig.
[1108/094820.241:WARNING:dns_config_service_win.cc(672)] Failed to read DnsConfig.
[1108/094820.879:WARNING:dns_config_service_win.cc(672)] Failed to read DnsConfig.
[1108/094823.289:WARNING:dns_config_service_win.cc(672)] Failed to read DnsConfig.
[1108/094823.874:WARNING:dns_config_service_win.cc(672)] Failed to read DnsConfig.
[1108/094825.258:WARNING:dns_config_service_win.cc(672)] Failed to read DnsConfig.
[1108/094825.903:WARNING:dns_config_service_win.cc(672)] Failed to read DnsConfig.
[1108/094828.314:WARNING:dns_config_service_win.cc(672)] Failed to read DnsConfig.
[1108/094828.889:WARNING:dns_config_service_win.cc(672)] Failed to read DnsConfig.
[1108/094830.283:WARNING:dns_config_service_win.cc(672)] Failed to read DnsConfig.
[1108/094830.924:WARNING:dns_config_service_win.cc(672)] Failed to read DnsConfig.
[1108/094833.333:WARNING:dns_config_service_win.cc(672)] Failed to read DnsConfig.
[1108/094833.909:WARNING:dns_config_service_win.cc(672)] Failed to read DnsConfig.
[1108/094835.300:WARNING:dns_config_service_win.cc(672)] Failed to read DnsConfig.
[1108/094835.946:WARNING:dns_config_service_win.cc(672)] Failed to read DnsConfig.
[1108/094838.364:WARNING:dns_config_service_win.cc(672)] Failed to read DnsConfig.
[1108/094838.922:WARNING:dns_config_service_win.cc(672)] Failed to read DnsConfig.
[1108/094840.318:WARNING:dns_config_service_win.cc(672)] Failed to read DnsConfig.
[1108/094840.961:WARNING:dns_config_service_win.cc(672)] Failed to read DnsConfig.
[1108/094843.394:WARNING:dns_config_service_win.cc(672)] Failed to read DnsConfig.
[1108/094843.944:WARNING:dns_config_service_win.cc(672)] Failed to read DnsConfig.
[1108/094845.328:WARNING:dns_config_service_win.cc(672)] Failed to read DnsConfig.
[1108/094845.981:WARNING:dns_config_service_win.cc(672)] Failed to read DnsConfig.
[1108/094848.406:WARNING:dns_config_service_win.cc(672)] Failed to read DnsConfig.
[1108/094848.960:WARNING:dns_config_service_win.cc(672)] Failed to read DnsConfig.
[1108/094850.349:WARNING:dns_config_service_win.cc(672)] Failed to read DnsConfig.
[1108/094850.994:WARNING:dns_config_service_win.cc(672)] Failed to read DnsConfig.
[1108/094853.436:WARNING:dns_config_service_win.cc(672)] Failed to read DnsConfig.
[1108/094853.974:WARNING:dns_config_service_win.cc(672)] Failed to read DnsConfig.
[1108/094855.362:WARNING:dns_config_service_win.cc(672)] Failed to read DnsConfig.
[1108/094856.013:WARNING:dns_config_service_win.cc(672)] Failed to read DnsConfig.
[1108/094858.458:WARNING:dns_config_service_win.cc(672)] Failed to read DnsConfig.
[1108/094858.987:WARNING:dns_config_service_win.cc(672)] Failed to read DnsConfig.
[1108/094900.378:WARNING:dns_config_service_win.cc(672)] Failed to read DnsConfig.
[1108/094901.034:WARNING:dns_config_service_win.cc(672)] Failed to read DnsConfig.
[1108/094903.483:WARNING:dns_config_service_win.cc(672)] Failed to read DnsConfig.
[1108/094904.002:WARNING:dns_config_service_win.cc(672)] Failed to read DnsConfig.
[1108/094905.390:WARNING:dns_config_service_win.cc(672)] Failed to read DnsConfig.
[1108/094906.052:WARNING:dns_config_service_win.cc(672)] Failed to read DnsConfig.
[1108/094908.505:WARNING:dns_config_service_win.cc(672)] Failed to read DnsConfig.
[1108/094909.025:WARNING:dns_config_service_win.cc(672)] Failed to read DnsConfig.
[1108/094910.411:WARNING:dns_config_service_win.cc(672)] Failed to read DnsConfig.
[1108/094911.077:WARNING:dns_config_service_win.cc(672)] Failed to read DnsConfig.
[1108/094913.526:WARNING:dns_config_service_win.cc(672)] Failed to read DnsConfig.
[1108/094914.045:WARNING:dns_config_service_win.cc(672)] Failed to read DnsConfig.
[1108/094915.425:WARNING:dns_config_service_win.cc(672)] Failed to read DnsConfig.
[1108/094916.107:WARNING:dns_config_service_win.cc(672)] Failed to read DnsConfig.
[1108/094918.545:WARNING:dns_config_service_win.cc(672)] Failed to read DnsConfig.
[1108/094919.067:WARNING:dns_config_service_win.cc(672)] Failed to read DnsConfig.
[1108/094920.448:WARNING:dns_config_service_win.cc(672)] Failed to read DnsConfig.
[1108/094921.124:WARNING:dns_config_service_win.cc(672)] Failed to read DnsConfig.
[1108/094923.552:WARNING:dns_config_service_win.cc(672)] Failed to read DnsConfig.
[1108/094924.095:WARNING:dns_config_service_win.cc(672)] Failed to read DnsConfig.
[1108/094925.466:WARNING:dns_config_service_win.cc(672)] Failed to read DnsConfig.
[1108/094926.134:WARNING:dns_config_service_win.cc(672)] Failed to read DnsConfig.
[1108/094928.570:WARNING:dns_config_service_win.cc(672)] Failed to read DnsConfig.
[1108/094929.116:WARNING:dns_config_service_win.cc(672)] Failed to read DnsConfig.
[1108/094930.493:WARNING:dns_config_service_win.cc(672)] Failed to read DnsConfig.
[1108/094931.158:WARNING:dns_config_service_win.cc(672)] Failed to read DnsConfig.
[1108/094933.592:WARNING:dns_config_service_win.cc(672)] Failed to read DnsConfig.
[1108/094934.138:WARNING:dns_config_service_win.cc(672)] Failed to read DnsConfig.
[1108/094935.513:WARNING:dns_config_service_win.cc(672)] Failed to read DnsConfig.
[1108/094936.167:WARNING:dns_config_service_win.cc(672)] Failed to read DnsConfig.
[1108/094938.615:WARNING:dns_config_service_win.cc(672)] Failed to read DnsConfig.
[1108/094939.147:WARNING:dns_config_service_win.cc(672)] Failed to read DnsConfig.
[1108/094940.533:WARNING:dns_config_service_win.cc(672)] Failed to read DnsConfig.
[1108/094941.178:WARNING:dns_config_service_win.cc(672)] Failed to read DnsConfig.
[1108/094943.633:WARNING:dns_config_service_win.cc(672)] Failed to read DnsConfig.
[1108/094944.167:WARNING:dns_config_service_win.cc(672)] Failed to read DnsConfig.
[1108/094945.562:WARNING:dns_config_service_win.cc(672)] Failed to read DnsConfig.
[1108/094946.197:WARNING:dns_config_service_win.cc(672)] Failed to read DnsConfig.
[1108/094948.661:WARNING:dns_config_service_win.cc(672)] Failed to read DnsConfig.
[1108/094949.175:WARNING:dns_config_service_win.cc(672)] Failed to read DnsConfig.
[1108/094950.572:WARNING:dns_config_service_win.cc(672)] Failed to read DnsConfig.
[1108/094951.223:WARNING:dns_config_service_win.cc(672)] Failed to read DnsConfig.
[1108/094953.679:WARNING:dns_config_service_win.cc(672)] Failed to read DnsConfig.
[1108/094954.196:WARNING:dns_config_service_win.cc(672)] Failed to read DnsConfig.
[1108/094955.580:WARNING:dns_config_service_win.cc(672)] Failed to read DnsConfig.
[1108/094956.240:WARNING:dns_config_service_win.cc(672)] Failed to read DnsConfig.
[1108/094958.699:WARNING:dns_config_service_win.cc(672)] Failed to read DnsConfig.
[1108/094959.212:WARNING:dns_config_service_win.cc(672)] Failed to read DnsConfig.
[1108/095000.594:WARNING:dns_config_service_win.cc(672)] Failed to read DnsConfig.
[1108/095001.260:WARNING:dns_config_service_win.cc(672)] Failed to read DnsConfig.
[1108/095003.722:WARNING:dns_config_service_win.cc(672)] Failed to read DnsConfig.
[1108/095004.226:WARNING:dns_config_service_win.cc(672)] Failed to read DnsConfig.
[1108/095005.612:WARNING:dns_config_service_win.cc(672)] Failed to read DnsConfig.
[1108/095006.274:WARNING:dns_config_service_win.cc(672)] Failed to read DnsConfig.
[1108/095008.746:WARNING:dns_config_service_win.cc(672)] Failed to read DnsConfig.
[1108/095009.235:WARNING:dns_config_service_win.cc(672)] Failed to read DnsConfig.
[1108/095010.636:WARNING:dns_config_service_win.cc(672)] Failed to read DnsConfig.
[1108/095011.288:WARNING:dns_config_service_win.cc(672)] Failed to read DnsConfig.
[1108/095013.773:WARNING:dns_config_service_win.cc(672)] Failed to read DnsConfig.
[1108/095014.254:WARNING:dns_config_service_win.cc(672)] Failed to read DnsConfig.
[1108/095015.644:WARNING:dns_config_service_win.cc(672)] Failed to read DnsConfig.
[1108/095016.315:WARNING:dns_config_service_win.cc(672)] Failed to read DnsConfig.
[1108/095018.787:WARNING:dns_config_service_win.cc(672)] Failed to read DnsConfig.
[1108/095019.275:WARNING:dns_config_service_win.cc(672)] Failed to read DnsConfig.
[1108/095020.660:WARNING:dns_config_service_win.cc(672)] Failed to read DnsConfig.
[1108/095021.336:WARNING:dns_config_service_win.cc(672)] Failed to read DnsConfig.
[1108/095023.799:WARNING:dns_config_service_win.cc(672)] Failed to read DnsConfig.
[1108/095024.283:WARNING:dns_config_service_win.cc(672)] Failed to read DnsConfig.
[1108/095025.671:WARNING:dns_config_service_win.cc(672)] Failed to read DnsConfig.
[1108/095026.358:WARNING:dns_config_service_win.cc(672)] Failed to read DnsConfig.
[1108/095028.828:WARNING:dns_config_service_win.cc(672)] Failed to read DnsConfig.
[1108/095029.293:WARNING:dns_config_service_win.cc(672)] Failed to read DnsConfig.
[1108/095030.681:WARNING:dns_config_service_win.cc(672)] Failed to read DnsConfig.
[1108/095031.378:WARNING:dns_config_service_win.cc(672)] Failed to read DnsConfig.
[1108/095033.847:WARNING:dns_config_service_win.cc(672)] Failed to read DnsConfig.
[1108/095034.310:WARNING:dns_config_service_win.cc(672)] Failed to read DnsConfig.
[1108/095035.698:WARNING:dns_config_service_win.cc(672)] Failed to read DnsConfig.
[1108/095036.399:WARNING:dns_config_service_win.cc(672)] Failed to read DnsConfig.
[1108/095038.862:WARNING:dns_config_service_win.cc(672)] Failed to read DnsConfig.
[1108/095039.328:WARNING:dns_config_service_win.cc(672)] Failed to read DnsConfig.
[1108/095040.716:WARNING:dns_config_service_win.cc(672)] Failed to read DnsConfig.
[1108/095041.413:WARNING:dns_config_service_win.cc(672)] Failed to read DnsConfig.
[1108/095043.871:WARNING:dns_config_service_win.cc(672)] Failed to read DnsConfig.
[1108/095044.348:WARNING:dns_config_service_win.cc(672)] Failed to read DnsConfig.
[1108/095045.743:WARNING:dns_config_service_win.cc(672)] Failed to read DnsConfig.
[1108/095046.440:WARNING:dns_config_service_win.cc(672)] Failed to read DnsConfig.
[1108/095048.901:WARNING:dns_config_service_win.cc(672)] Failed to read DnsConfig.
[1108/095049.366:WARNING:dns_config_service_win.cc(672)] Failed to read DnsConfig.
[1108/095050.768:WARNING:dns_config_service_win.cc(672)] Failed to read DnsConfig.
[1108/095051.460:WARNING:dns_config_service_win.cc(672)] Failed to read DnsConfig.
[1108/095053.920:WARNING:dns_config_service_win.cc(672)] Failed to read DnsConfig.
[1108/095054.387:WARNING:dns_config_service_win.cc(672)] Failed to read DnsConfig.
[1108/095055.789:WARNING:dns_config_service_win.cc(672)] Failed to read DnsConfig.
[1108/095056.475:WARNING:dns_config_service_win.cc(672)] Failed to read DnsConfig.
[1108/095058.935:WARNING:dns_config_service_win.cc(672)] Failed to read DnsConfig.
[1108/095059.404:WARNING:dns_config_service_win.cc(672)] Failed to read DnsConfig.
[1108/095100.810:WARNING:dns_config_service_win.cc(672)] Failed to read DnsConfig.
[1108/095101.499:WARNING:dns_config_service_win.cc(672)] Failed to read DnsConfig.
[1108/095103.961:WARNING:dns_config_service_win.cc(672)] Failed to read DnsConfig.
[1108/095104.411:WARNING:dns_config_service_win.cc(672)] Failed to read DnsConfig.
[1108/095105.825:WARNING:dns_config_service_win.cc(672)] Failed to read DnsConfig.
[1108/095106.524:WARNING:dns_config_service_win.cc(672)] Failed to read DnsConfig.
[1108/095108.991:WARNING:dns_config_service_win.cc(672)] Failed to read DnsConfig.
[1108/095109.424:WARNING:dns_config_service_win.cc(672)] Failed to read DnsConfig.
[1108/095110.856:WARNING:dns_config_service_win.cc(672)] Failed to read DnsConfig.
[1108/095111.538:WARNING:dns_config_service_win.cc(672)] Failed to read DnsConfig.
[1108/095114.016:WARNING:dns_config_service_win.cc(672)] Failed to read DnsConfig.
[1108/095114.437:WARNING:dns_config_service_win.cc(672)] Failed to read DnsConfig.
[1108/095115.885:WARNING:dns_config_service_win.cc(672)] Failed to read DnsConfig.
[1108/095116.567:WARNING:dns_config_service_win.cc(672)] Failed to read DnsConfig.
[1108/095119.033:WARNING:dns_config_service_win.cc(672)] Failed to read DnsConfig.
[1108/095119.460:WARNING:dns_config_service_win.cc(672)] Failed to read DnsConfig.
[1108/095120.916:WARNING:dns_config_service_win.cc(672)] Failed to read DnsConfig.
[1108/095121.594:WARNING:dns_config_service_win.cc(672)] Failed to read DnsConfig.
[1108/095124.054:WARNING:dns_config_service_win.cc(672)] Failed to read DnsConfig.
[1108/095124.475:WARNING:dns_config_service_win.cc(672)] Failed to read DnsConfig.
[1108/095125.934:WARNING:dns_config_service_win.cc(672)] Failed to read DnsConfig.
[1108/095126.603:WARNING:dns_config_service_win.cc(672)] Failed to read DnsConfig.
[1108/095129.085:WARNING:dns_config_service_win.cc(672)] Failed to read DnsConfig.
[1108/095129.484:WARNING:dns_config_service_win.cc(672)] Failed to read DnsConfig.
[1108/095130.978:WARNING:dns_config_service_win.cc(672)] Failed to read DnsConfig.
[1108/095131.613:WARNING:dns_config_service_win.cc(672)] Failed to read DnsConfig.
[1108/095134.110:WARNING:dns_config_service_win.cc(672)] Failed to read DnsConfig.
[1108/095134.500:WARNING:dns_config_service_win.cc(672)] Failed to read DnsConfig.
[1108/095136.004:WARNING:dns_config_service_win.cc(672)] Failed to read DnsConfig.
[1108/095136.632:WARNING:dns_config_service_win.cc(672)] Failed to read DnsConfig.
[1108/095139.131:WARNING:dns_config_service_win.cc(672)] Failed to read DnsConfig.
[1108/095139.519:WARNING:dns_config_service_win.cc(672)] Failed to read DnsConfig.
[1108/095141.017:WARNING:dns_config_service_win.cc(672)] Failed to read DnsConfig.
[1108/095141.649:WARNING:dns_config_service_win.cc(672)] Failed to read DnsConfig.
[1108/095144.156:WARNING:dns_config_service_win.cc(672)] Failed to read DnsConfig.
[1108/095144.546:WARNING:dns_config_service_win.cc(672)] Failed to read DnsConfig.
[1108/095146.040:WARNING:dns_config_service_win.cc(672)] Failed to read DnsConfig.
[1108/095146.668:WARNING:dns_config_service_win.cc(672)] Failed to read DnsConfig.
[1108/095149.169:WARNING:dns_config_service_win.cc(672)] Failed to read DnsConfig.
[1108/095149.560:WARNING:dns_config_service_win.cc(672)] Failed to read DnsConfig.
[1108/095151.061:WARNING:dns_config_service_win.cc(672)] Failed to read DnsConfig.
[1108/095151.691:WARNING:dns_config_service_win.cc(672)] Failed to read DnsConfig.
[1108/095154.185:WARNING:dns_config_service_win.cc(672)] Failed to read DnsConfig.
[1108/095154.580:WARNING:dns_config_service_win.cc(672)] Failed to read DnsConfig.
[1108/095156.083:WARNING:dns_config_service_win.cc(672)] Failed to read DnsConfig.
[1108/095156.716:WARNING:dns_config_service_win.cc(672)] Failed to read DnsConfig.
[1108/095159.205:WARNING:dns_config_service_win.cc(672)] Failed to read DnsConfig.
[1108/095159.590:WARNING:dns_config_service_win.cc(672)] Failed to read DnsConfig.
[1108/095201.101:WARNING:dns_config_service_win.cc(672)] Failed to read DnsConfig.
[1108/095201.736:WARNING:dns_config_service_win.cc(672)] Failed to read DnsConfig.
[1108/095204.225:WARNING:dns_config_service_win.cc(672)] Failed to read DnsConfig.
[1108/095204.602:WARNING:dns_config_service_win.cc(672)] Failed to read DnsConfig.
[1108/095206.123:WARNING:dns_config_service_win.cc(672)] Failed to read DnsConfig.
[1108/095206.760:WARNING:dns_config_service_win.cc(672)] Failed to read DnsConfig.
[1108/095209.256:WARNING:dns_config_service_win.cc(672)] Failed to read DnsConfig.
[1108/095209.620:WARNING:dns_config_service_win.cc(672)] Failed to read DnsConfig.
[1108/095211.138:WARNING:dns_config_service_win.cc(672)] Failed to read DnsConfig.
[1108/095211.772:WARNING:dns_config_service_win.cc(672)] Failed to read DnsConfig.
[1108/095214.283:WARNING:dns_config_service_win.cc(672)] Failed to read DnsConfig.
[1108/095214.639:WARNING:dns_config_service_win.cc(672)] Failed to read DnsConfig.
[1108/095216.164:WARNING:dns_config_service_win.cc(672)] Failed to read DnsConfig.
[1108/095216.789:WARNING:dns_config_service_win.cc(672)] Failed to read DnsConfig.
[1108/095219.300:WARNING:dns_config_service_win.cc(672)] Failed to read DnsConfig.
[1108/095219.648:WARNING:dns_config_service_win.cc(672)] Failed to read DnsConfig.
[1108/095221.193:WARNING:dns_config_service_win.cc(672)] Failed to read DnsConfig.
[1108/095221.813:WARNING:dns_config_service_win.cc(672)] Failed to read DnsConfig.
[1108/095224.326:WARNING:dns_config_service_win.cc(672)] Failed to read DnsConfig.
[1108/095224.673:WARNING:dns_config_service_win.cc(672)] Failed to read DnsConfig.
[1108/095226.226:WARNING:dns_config_service_win.cc(672)] Failed to read DnsConfig.
[1108/095226.842:WARNING:dns_config_service_win.cc(672)] Failed to read DnsConfig.
[1108/095229.344:WARNING:dns_config_service_win.cc(672)] Failed to read DnsConfig.
[1108/095229.686:WARNING:dns_config_service_win.cc(672)] Failed to read DnsConfig.
[1108/095231.247:WARNING:dns_config_service_win.cc(672)] Failed to read DnsConfig.
[1108/095231.862:WARNING:dns_config_service_win.cc(672)] Failed to read DnsConfig.
[1108/095234.356:WARNING:dns_config_service_win.cc(672)] Failed to read DnsConfig.
[1108/095234.710:WARNING:dns_config_service_win.cc(672)] Failed to read DnsConfig.
[1108/095236.276:WARNING:dns_config_service_win.cc(672)] Failed to read DnsConfig.
[1108/095236.874:WARNING:dns_config_service_win.cc(672)] Failed to read DnsConfig.
[1108/095239.374:WARNING:dns_config_service_win.cc(672)] Failed to read DnsConfig.
[1108/095239.733:WARNING:dns_config_service_win.cc(672)] Failed to read DnsConfig.
[1108/095241.287:WARNING:dns_config_service_win.cc(672)] Failed to read DnsConfig.
[1108/095241.891:WARNING:dns_config_service_win.cc(672)] Failed to read DnsConfig.
[1108/095244.395:WARNING:dns_config_service_win.cc(672)] Failed to read DnsConfig.
[1108/095244.764:WARNING:dns_config_service_win.cc(672)] Failed to read DnsConfig.
[1108/095246.294:WARNING:dns_config_service_win.cc(672)] Failed to read DnsConfig.
[1108/095246.922:WARNING:dns_config_service_win.cc(672)] Failed to read DnsConfig.
[1108/095249.403:WARNING:dns_config_service_win.cc(672)] Failed to read DnsConfig.
[1108/095249.780:WARNING:dns_config_service_win.cc(672)] Failed to read DnsConfig.
[1108/095251.303:WARNING:dns_config_service_win.cc(672)] Failed to read DnsConfig.
[1108/095251.935:WARNING:dns_config_service_win.cc(672)] Failed to read DnsConfig.
[1108/095254.431:WARNING:dns_config_service_win.cc(672)] Failed to read DnsConfig.
[1108/095254.819:WARNING:dns_config_service_win.cc(672)] Failed to read DnsConfig.
[1108/095256.323:WARNING:dns_config_service_win.cc(672)] Failed to read DnsConfig.
[1108/095256.957:WARNING:dns_config_service_win.cc(672)] Failed to read DnsConfig.
[1108/095259.451:WARNING:dns_config_service_win.cc(672)] Failed to read DnsConfig.
[1108/095259.832:WARNING:dns_config_service_win.cc(672)] Failed to read DnsConfig.
[1108/095301.344:WARNING:dns_config_service_win.cc(672)] Failed to read DnsConfig.
[1108/095301.980:WARNING:dns_config_service_win.cc(672)] Failed to read DnsConfig.
[1108/095304.471:WARNING:dns_config_service_win.cc(672)] Failed to read DnsConfig.
[1108/095304.857:WARNING:dns_config_service_win.cc(672)] Failed to read DnsConfig.
[1108/095306.362:WARNING:dns_config_service_win.cc(672)] Failed to read DnsConfig.
[1108/095307.000:WARNING:dns_config_service_win.cc(672)] Failed to read DnsConfig.
[1108/095309.489:WARNING:dns_config_service_win.cc(672)] Failed to read DnsConfig.
[1108/095309.875:WARNING:dns_config_service_win.cc(672)] Failed to read DnsConfig.
[1108/095311.378:WARNING:dns_config_service_win.cc(672)] Failed to read DnsConfig.
[1108/095312.005:WARNING:dns_config_service_win.cc(672)] Failed to read DnsConfig.
[1108/095314.515:WARNING:dns_config_service_win.cc(672)] Failed to read DnsConfig.
[1108/095314.896:WARNING:dns_config_service_win.cc(672)] Failed to read DnsConfig.
[1108/095316.406:WARNING:dns_config_service_win.cc(672)] Failed to read DnsConfig.
[1108/095317.018:WARNING:dns_config_service_win.cc(672)] Failed to read DnsConfig.
[1108/095319.544:WARNING:dns_config_service_win.cc(672)] Failed to read DnsConfig.
[1108/095319.918:WARNING:dns_config_service_win.cc(672)] Failed to read DnsConfig.
[1108/095321.431:WARNING:dns_config_service_win.cc(672)] Failed to read DnsConfig.
[1108/095322.036:WARNING:dns_config_service_win.cc(672)] Failed to read DnsConfig.
[1108/095324.570:WARNING:dns_config_service_win.cc(672)] Failed to read DnsConfig.
[1108/095324.950:WARNING:dns_config_service_win.cc(672)] Failed to read DnsConfig.
[1108/095326.460:WARNING:dns_config_service_win.cc(672)] Failed to read DnsConfig.
[1108/095327.050:WARNING:dns_config_service_win.cc(672)] Failed to read DnsConfig.
[1108/095329.584:WARNING:dns_config_service_win.cc(672)] Failed to read DnsConfig.
[1108/095329.977:WARNING:dns_config_service_win.cc(672)] Failed to read DnsConfig.
[1108/095331.483:WARNING:dns_config_service_win.cc(672)] Failed to read DnsConfig.
[1108/095332.066:WARNING:dns_config_service_win.cc(672)] Failed to read DnsConfig.
[1108/095334.610:WARNING:dns_config_service_win.cc(672)] Failed to read DnsConfig.
[1108/095335.000:WARNING:dns_config_service_win.cc(672)] Failed to read DnsConfig.
[1108/095336.508:WARNING:dns_config_service_win.cc(672)] Failed to read DnsConfig.
[1108/095337.081:WARNING:dns_config_service_win.cc(672)] Failed to read DnsConfig.
[1108/095339.634:WARNING:dns_config_service_win.cc(672)] Failed to read DnsConfig.
[1108/095340.011:WARNING:dns_config_service_win.cc(672)] Failed to read DnsConfig.
[1108/095341.523:WARNING:dns_config_service_win.cc(672)] Failed to read DnsConfig.
[1108/095342.106:WARNING:dns_config_service_win.cc(672)] Failed to read DnsConfig.
[1108/095344.663:WARNING:dns_config_service_win.cc(672)] Failed to read DnsConfig.
[1108/095345.031:WARNING:dns_config_service_win.cc(672)] Failed to read DnsConfig.
[1108/095346.550:WARNING:dns_config_service_win.cc(672)] Failed to read DnsConfig.
[1108/095347.121:WARNING:dns_config_service_win.cc(672)] Failed to read DnsConfig.
[1108/095349.681:WARNING:dns_config_service_win.cc(672)] Failed to read DnsConfig.
[1108/095350.044:WARNING:dns_config_service_win.cc(672)] Failed to read DnsConfig.
[1108/095351.575:WARNING:dns_config_service_win.cc(672)] Failed to read DnsConfig.
[1108/095352.134:WARNING:dns_config_service_win.cc(672)] Failed to read DnsConfig.
[1108/095354.695:WARNING:dns_config_service_win.cc(672)] Failed to read DnsConfig.
[1108/095355.061:WARNING:dns_config_service_win.cc(672)] Failed to read DnsConfig.
[1108/095356.602:WARNING:dns_config_service_win.cc(672)] Failed to read DnsConfig.
[1108/095357.160:WARNING:dns_config_service_win.cc(672)] Failed to read DnsConfig.
[1108/095359.706:WARNING:dns_config_service_win.cc(672)] Failed to read DnsConfig.
[1108/095400.081:WARNING:dns_config_service_win.cc(672)] Failed to read DnsConfig.
[1108/095401.615:WARNING:dns_config_service_win.cc(672)] Failed to read DnsConfig.
[1108/095402.169:WARNING:dns_config_service_win.cc(672)] Failed to read DnsConfig.
[1108/095404.725:WARNING:dns_config_service_win.cc(672)] Failed to read DnsConfig.
[1108/095405.105:WARNING:dns_config_service_win.cc(672)] Failed to read DnsConfig.
[1108/095406.655:WARNING:dns_config_service_win.cc(672)] Failed to read DnsConfig.
[1108/095407.187:WARNING:dns_config_service_win.cc(672)] Failed to read DnsConfig.
[1108/095409.733:WARNING:dns_config_service_win.cc(672)] Failed to read DnsConfig.
[1108/095410.112:WARNING:dns_config_service_win.cc(672)] Failed to read DnsConfig.
[1108/095411.681:WARNING:dns_config_service_win.cc(672)] Failed to read DnsConfig.
[1108/095412.211:WARNING:dns_config_service_win.cc(672)] Failed to read DnsConfig.
[1108/095414.755:WARNING:dns_config_service_win.cc(672)] Failed to read DnsConfig.
[1108/095415.133:WARNING:dns_config_service_win.cc(672)] Failed to read DnsConfig.
[1108/095416.694:WARNING:dns_config_service_win.cc(672)] Failed to read DnsConfig.
[1108/095417.231:WARNING:dns_config_service_win.cc(672)] Failed to read DnsConfig.
[1108/095419.767:WARNING:dns_config_service_win.cc(672)] Failed to read DnsConfig.
[1108/095420.139:WARNING:dns_config_service_win.cc(672)] Failed to read DnsConfig.
[1108/095421.716:WARNING:dns_config_service_win.cc(672)] Failed to read DnsConfig.
[1108/095422.255:WARNING:dns_config_service_win.cc(672)] Failed to read DnsConfig.
[1108/095424.783:WARNING:dns_config_service_win.cc(672)] Failed to read DnsConfig.
[1108/095425.172:WARNING:dns_config_service_win.cc(672)] Failed to read DnsConfig.
[1108/095426.748:WARNING:dns_config_service_win.cc(672)] Failed to read DnsConfig.
[1108/095427.269:WARNING:dns_config_service_win.cc(672)] Failed to read DnsConfig.
[1108/095428.294:WARNING:dns_config_service_win.cc(672)] Failed to read DnsConfig.
[1108/095429.811:WARNING:dns_config_service_win.cc(672)] Failed to read DnsConfig.
[1108/095430.185:WARNING:dns_config_service_win.cc(672)] Failed to read DnsConfig.
[1108/095431.763:WARNING:dns_config_service_win.cc(672)] Failed to read DnsConfig.
[1108/095432.282:WARNING:dns_config_service_win.cc(672)] Failed to read DnsConfig.
[1108/095433.309:WARNING:dns_config_service_win.cc(672)] Failed to read DnsConfig.
[1108/095434.838:WARNING:dns_config_service_win.cc(672)] Failed to read DnsConfig.
[1108/095435.202:WARNING:dns_config_service_win.cc(672)] Failed to read DnsConfig.
[1108/095436.783:WARNING:dns_config_service_win.cc(672)] Failed to read DnsConfig.
[1108/095437.304:WARNING:dns_config_service_win.cc(672)] Failed to read DnsConfig.
[1108/095438.337:WARNING:dns_config_service_win.cc(672)] Failed to read DnsConfig.
[1108/095439.860:WARNING:dns_config_service_win.cc(672)] Failed to read DnsConfig.
[1108/095440.222:WARNING:dns_config_service_win.cc(672)] Failed to read DnsConfig.
[1108/095441.803:WARNING:dns_config_service_win.cc(672)] Failed to read DnsConfig.
[1108/095442.318:WARNING:dns_config_service_win.cc(672)] Failed to read DnsConfig.
[1108/095443.361:WARNING:dns_config_service_win.cc(672)] Failed to read DnsConfig.
[1108/095444.882:WARNING:dns_config_service_win.cc(672)] Failed to read DnsConfig.
[1108/095445.246:WARNING:dns_config_service_win.cc(672)] Failed to read DnsConfig.
[1108/095446.828:WARNING:dns_config_service_win.cc(672)] Failed to read DnsConfig.
[1108/095447.336:WARNING:dns_config_service_win.cc(672)] Failed to read DnsConfig.
[1108/095448.369:WARNING:dns_config_service_win.cc(672)] Failed to read DnsConfig.
[1108/095449.896:WARNING:dns_config_service_win.cc(672)] Failed to read DnsConfig.
[1108/095450.273:WARNING:dns_config_service_win.cc(672)] Failed to read DnsConfig.
[1108/095451.844:WARNING:dns_config_service_win.cc(672)] Failed to read DnsConfig.
[1108/095452.359:WARNING:dns_config_service_win.cc(672)] Failed to read DnsConfig.
[1108/095453.377:WARNING:dns_config_service_win.cc(672)] Failed to read DnsConfig.
[1108/095454.921:WARNING:dns_config_service_win.cc(672)] Failed to read DnsConfig.
[1108/095455.301:WARNING:dns_config_service_win.cc(672)] Failed to read DnsConfig.
[1108/095456.875:WARNING:dns_config_service_win.cc(672)] Failed to read DnsConfig.
[1108/095457.369:WARNING:dns_config_service_win.cc(672)] Failed to read DnsConfig.
[1108/095458.397:WARNING:dns_config_service_win.cc(672)] Failed to read DnsConfig.
[1108/095459.932:WARNING:dns_config_service_win.cc(672)] Failed to read DnsConfig.
[1108/095500.320:WARNING:dns_config_service_win.cc(672)] Failed to read DnsConfig.
[1108/095501.899:WARNING:dns_config_service_win.cc(672)] Failed to read DnsConfig.
[1108/095502.387:WARNING:dns_config_service_win.cc(672)] Failed to read DnsConfig.
[1108/095503.410:WARNING:dns_config_service_win.cc(672)] Failed to read DnsConfig.
[1108/095504.958:WARNING:dns_config_service_win.cc(672)] Failed to read DnsConfig.
[1108/095505.338:WARNING:dns_config_service_win.cc(672)] Failed to read DnsConfig.
[1108/095506.922:WARNING:dns_config_service_win.cc(672)] Failed to read DnsConfig.
[1108/095507.397:WARNING:dns_config_service_win.cc(672)] Failed to read DnsConfig.
[1108/095508.431:WARNING:dns_config_service_win.cc(672)] Failed to read DnsConfig.
[1108/095509.982:WARNING:dns_config_service_win.cc(672)] Failed to read DnsConfig.
[1108/095510.354:WARNING:dns_config_service_win.cc(672)] Failed to read DnsConfig.
[1108/095511.938:WARNING:dns_config_service_win.cc(672)] Failed to read DnsConfig.
[1108/095512.409:WARNING:dns_config_service_win.cc(672)] Failed to read DnsConfig.
[1108/095513.456:WARNING:dns_config_service_win.cc(672)] Failed to read DnsConfig.
[1108/095514.996:WARNING:dns_config_service_win.cc(672)] Failed to read DnsConfig.
[1108/095515.373:WARNING:dns_config_service_win.cc(672)] Failed to read DnsConfig.
[1108/095516.958:WARNING:dns_config_service_win.cc(672)] Failed to read DnsConfig.
[1108/095517.433:WARNING:dns_config_service_win.cc(672)] Failed to read DnsConfig.
[1108/095518.482:WARNING:dns_config_service_win.cc(672)] Failed to read DnsConfig.
[1108/095520.015:WARNING:dns_config_service_win.cc(672)] Failed to read DnsConfig.
[1108/095520.392:WARNING:dns_config_service_win.cc(672)] Failed to read DnsConfig.
[1108/095521.980:WARNING:dns_config_service_win.cc(672)] Failed to read DnsConfig.
[1108/095522.441:WARNING:dns_config_service_win.cc(672)] Failed to read DnsConfig.
[1108/095523.508:WARNING:dns_config_service_win.cc(672)] Failed to read DnsConfig.
[1108/095525.040:WARNING:dns_config_service_win.cc(672)] Failed to read DnsConfig.
[1108/095525.418:WARNING:dns_config_service_win.cc(672)] Failed to read DnsConfig.
[1108/095527.003:WARNING:dns_config_service_win.cc(672)] Failed to read DnsConfig.
[1108/095527.452:WARNING:dns_config_service_win.cc(672)] Failed to read DnsConfig.
[1108/095528.521:WARNING:dns_config_service_win.cc(672)] Failed to read DnsConfig.
[1108/095530.067:WARNING:dns_config_service_win.cc(672)] Failed to read DnsConfig.
[1108/095530.435:WARNING:dns_config_service_win.cc(672)] Failed to read DnsConfig.
[1108/095532.020:WARNING:dns_config_service_win.cc(672)] Failed to read DnsConfig.
[1108/095532.473:WARNING:dns_config_service_win.cc(672)] Failed to read DnsConfig.
[1108/095533.551:WARNING:dns_config_service_win.cc(672)] Failed to read DnsConfig.
[1108/095535.092:WARNING:dns_config_service_win.cc(672)] Failed to read DnsConfig.
[1108/095535.450:WARNING:dns_config_service_win.cc(672)] Failed to read DnsConfig.
[1108/095537.035:WARNING:dns_config_service_win.cc(672)] Failed to read DnsConfig.
[1108/095537.495:WARNING:dns_config_service_win.cc(672)] Failed to read DnsConfig.
[1108/095538.573:WARNING:dns_config_service_win.cc(672)] Failed to read DnsConfig.
[1108/095540.102:WARNING:dns_config_service_win.cc(672)] Failed to read DnsConfig.
[1108/095540.460:WARNING:dns_config_service_win.cc(672)] Failed to read DnsConfig.
[1108/095542.058:WARNING:dns_config_service_win.cc(672)] Failed to read DnsConfig.
[1108/095542.515:WARNING:dns_config_service_win.cc(672)] Failed to read DnsConfig.
[1108/095543.588:WARNING:dns_config_service_win.cc(672)] Failed to read DnsConfig.
[1108/095545.124:WARNING:dns_config_service_win.cc(672)] Failed to read DnsConfig.
[1108/095545.477:WARNING:dns_config_service_win.cc(672)] Failed to read DnsConfig.
[1108/095547.077:WARNING:dns_config_service_win.cc(672)] Failed to read DnsConfig.
[1108/095547.539:WARNING:dns_config_service_win.cc(672)] Failed to read DnsConfig.
[1108/095548.599:WARNING:dns_config_service_win.cc(672)] Failed to read DnsConfig.
[1108/095550.141:WARNING:dns_config_service_win.cc(672)] Failed to read DnsConfig.
[1108/095550.502:WARNING:dns_config_service_win.cc(672)] Failed to read DnsConfig.
[1108/095552.104:WARNING:dns_config_service_win.cc(672)] Failed to read DnsConfig.
[1108/095552.559:WARNING:dns_config_service_win.cc(672)] Failed to read DnsConfig.
[1108/095553.609:WARNING:dns_config_service_win.cc(672)] Failed to read DnsConfig.
[1108/095555.157:WARNING:dns_config_service_win.cc(672)] Failed to read DnsConfig.
[1108/095555.517:WARNING:dns_config_service_win.cc(672)] Failed to read DnsConfig.
[1108/095557.123:WARNING:dns_config_service_win.cc(672)] Failed to read DnsConfig.
[1108/095557.583:WARNING:dns_config_service_win.cc(672)] Failed to read DnsConfig.
[1108/095558.626:WARNING:dns_config_service_win.cc(672)] Failed to read DnsConfig.
[1108/095600.181:WARNING:dns_config_service_win.cc(672)] Failed to read DnsConfig.
[1108/095600.538:WARNING:dns_config_service_win.cc(672)] Failed to read DnsConfig.
[1108/095602.138:WARNING:dns_config_service_win.cc(672)] Failed to read DnsConfig.
[1108/095602.590:WARNING:dns_config_service_win.cc(672)] Failed to read DnsConfig.
[1108/095603.640:WARNING:dns_config_service_win.cc(672)] Failed to read DnsConfig.
[1108/095605.204:WARNING:dns_config_service_win.cc(672)] Failed to read DnsConfig.
[1108/095605.549:WARNING:dns_config_service_win.cc(672)] Failed to read DnsConfig.
[1108/095607.161:WARNING:dns_config_service_win.cc(672)] Failed to read DnsConfig.
[1108/095607.612:WARNING:dns_config_service_win.cc(672)] Failed to read DnsConfig.
[1108/095608.661:WARNING:dns_config_service_win.cc(672)] Failed to read DnsConfig.
[1108/095610.224:WARNING:dns_config_service_win.cc(672)] Failed to read DnsConfig.
[1108/095610.564:WARNING:dns_config_service_win.cc(672)] Failed to read DnsConfig.
[1108/095612.181:WARNING:dns_config_service_win.cc(672)] Failed to read DnsConfig.
[1108/095612.637:WARNING:dns_config_service_win.cc(672)] Failed to read DnsConfig.
[1108/095613.671:WARNING:dns_config_service_win.cc(672)] Failed to read DnsConfig.
[1108/095615.241:WARNING:dns_config_service_win.cc(672)] Failed to read DnsConfig.
[1108/095615.581:WARNING:dns_config_service_win.cc(672)] Failed to read DnsConfig.
[1108/095617.200:WARNING:dns_config_service_win.cc(672)] Failed to read DnsConfig.
[1108/095617.649:WARNING:dns_config_service_win.cc(672)] Failed to read DnsConfig.
[1108/095618.692:WARNING:dns_config_service_win.cc(672)] Failed to read DnsConfig.
[1108/095620.255:WARNING:dns_config_service_win.cc(672)] Failed to read DnsConfig.
[1108/095620.601:WARNING:dns_config_service_win.cc(672)] Failed to read DnsConfig.
[1108/095622.212:WARNING:dns_config_service_win.cc(672)] Failed to read DnsConfig.
[1108/095622.664:WARNING:dns_config_service_win.cc(672)] Failed to read DnsConfig.
[1108/095623.699:WARNING:dns_config_service_win.cc(672)] Failed to read DnsConfig.
[1108/095625.263:WARNING:dns_config_service_win.cc(672)] Failed to read DnsConfig.
[1108/095625.613:WARNING:dns_config_service_win.cc(672)] Failed to read DnsConfig.
[1108/095627.228:WARNING:dns_config_service_win.cc(672)] Failed to read DnsConfig.
[1108/095627.684:WARNING:dns_config_service_win.cc(672)] Failed to read DnsConfig.
[1108/095628.709:WARNING:dns_config_service_win.cc(672)] Failed to read DnsConfig.
[1108/095630.285:WARNING:dns_config_service_win.cc(672)] Failed to read DnsConfig.
[1108/095630.626:WARNING:dns_config_service_win.cc(672)] Failed to read DnsConfig.
[1108/095632.255:WARNING:dns_config_service_win.cc(672)] Failed to read DnsConfig.
[1108/095632.703:WARNING:dns_config_service_win.cc(672)] Failed to read DnsConfig.
[1108/095633.732:WARNING:dns_config_service_win.cc(672)] Failed to read DnsConfig.
[1108/095635.303:WARNING:dns_config_service_win.cc(672)] Failed to read DnsConfig.
[1108/095635.638:WARNING:dns_config_service_win.cc(672)] Failed to read DnsConfig.
[1108/095637.277:WARNING:dns_config_service_win.cc(672)] Failed to read DnsConfig.
[1108/095637.718:WARNING:dns_config_service_win.cc(672)] Failed to read DnsConfig.
[1108/095638.754:WARNING:dns_config_service_win.cc(672)] Failed to read DnsConfig.
[1108/095640.324:WARNING:dns_config_service_win.cc(672)] Failed to read DnsConfig.
[1108/095640.663:WARNING:dns_config_service_win.cc(672)] Failed to read DnsConfig.
[1108/095642.299:WARNING:dns_config_service_win.cc(672)] Failed to read DnsConfig.
[1108/095642.736:WARNING:dns_config_service_win.cc(672)] Failed to read DnsConfig.
[1108/095643.769:WARNING:dns_config_service_win.cc(672)] Failed to read DnsConfig.
[1108/095645.341:WARNING:dns_config_service_win.cc(672)] Failed to read DnsConfig.
[1108/095645.667:WARNING:dns_config_service_win.cc(672)] Failed to read DnsConfig.
[1108/095647.314:WARNING:dns_config_service_win.cc(672)] Failed to read DnsConfig.
[1108/095647.757:WARNING:dns_config_service_win.cc(672)] Failed to read DnsConfig.
[1108/095648.778:WARNING:dns_config_service_win.cc(672)] Failed to read DnsConfig.
[1108/095650.358:WARNING:dns_config_service_win.cc(672)] Failed to read DnsConfig.
[1108/095650.673:WARNING:dns_config_service_win.cc(672)] Failed to read DnsConfig.
[1108/095652.329:WARNING:dns_config_service_win.cc(672)] Failed to read DnsConfig.
[1108/095652.770:WARNING:dns_config_service_win.cc(672)] Failed to read DnsConfig.
[1108/095653.793:WARNING:dns_config_service_win.cc(672)] Failed to read DnsConfig.
[1108/095655.367:WARNING:dns_config_service_win.cc(672)] Failed to read DnsConfig.
[1108/095655.683:WARNING:dns_config_service_win.cc(672)] Failed to read DnsConfig.
[1108/110050.768:WARNING:dns_config_service_win.cc(672)] Failed to read DnsConfig.
[1108/110052.041:WARNING:dns_config_service_win.cc(672)] Failed to read DnsConfig.
[1108/110053.068:WARNING:dns_config_service_win.cc(672)] Failed to read DnsConfig.
[1108/145459.097:WARNING:dns_config_service_win.cc(672)] Failed to read DnsConfig.
[1108/150438.901:WARNING:dns_config_service_win.cc(672)] Failed to read DnsConfig.
[1108/150439.389:WARNING:dns_config_service_win.cc(672)] Failed to read DnsConfig.
[1108/150507.550:WARNING:dns_config_service_win.cc(672)] Failed to read DnsConfig.
[1108/150512.571:WARNING:dns_config_service_win.cc(672)] Failed to read DnsConfig.
[1108/150517.587:WARNING:dns_config_service_win.cc(672)] Failed to read DnsConfig.
[1108/150518.167:WARNING:dns_config_service_win.cc(672)] Failed to read DnsConfig.
[1108/170543.411:WARNING:dns_config_service_win.cc(672)] Failed to read DnsConfig.
[1108/192727.455:WARNING:dns_config_service_win.cc(672)] Failed to read DnsConfig.
[1108/192727.529:WARNING:dns_config_service_win.cc(672)] Failed to read DnsConfig.
[1108/192727.745:WARNING:dns_config_service_win.cc(672)] Failed to read DnsConfig.
[1108/192728.261:WARNING:dns_config_service_win.cc(672)] Failed to read DnsConfig.
[1108/192729.107:WARNING:dns_config_service_win.cc(672)] Failed to read DnsConfig.
[1108/223451.793:WARNING:angle_platform_impl.cc(45)] compileToBinary(256): 
C:\fakepath(75,10-46): warning X3571: pow(f, e) will not work for negative f, use abs(f) or conditionally handle negative values if you expect them
C:\fakepath(98,10-46): warning X3571: pow(f, e) will not work for negative f, use abs(f) or conditionally handle negative values if you expect them

